The C compiler identification could not be found in "/home/denis/OOP/lab_02/cmake-build-debug-coverage/CMakeFiles/3.17.3/CompilerIdC/CMakeCCompilerId.gcno"

The CXX compiler identification could not be found in "/home/denis/OOP/lab_02/cmake-build-debug-coverage/CMakeFiles/3.17.3/CompilerIdCXX/CMakeCXXCompilerId.gcno"

Performing C SOURCE FILE Test CMAKE_HAVE_LIBC_PTHREAD failed with the following output:
Change Dir: /home/denis/OOP/lab_02/cmake-build-debug-coverage/CMakeFiles/CMakeTmp

Run Build Command(s):/bin/make cmTC_a5bf8/fast && /bin/make  -f CMakeFiles/cmTC_a5bf8.dir/build.make CMakeFiles/cmTC_a5bf8.dir/build
make[1]: вход в каталог «/home/denis/OOP/lab_02/cmake-build-debug-coverage/CMakeFiles/CMakeTmp»
Building C object CMakeFiles/cmTC_a5bf8.dir/src.c.o
/bin/gcc   --coverage -DCMAKE_HAVE_LIBC_PTHREAD   -o CMakeFiles/cmTC_a5bf8.dir/src.c.o   -c /home/denis/OOP/lab_02/cmake-build-debug-coverage/CMakeFiles/CMakeTmp/src.c
Linking C executable cmTC_a5bf8
/home/denis/.local/share/JetBrains/Toolbox/apps/CLion/ch-0/202.7660.37/bin/cmake/linux/bin/cmake -E cmake_link_script CMakeFiles/cmTC_a5bf8.dir/link.txt --verbose=1
/bin/gcc --coverage -DCMAKE_HAVE_LIBC_PTHREAD    -rdynamic CMakeFiles/cmTC_a5bf8.dir/src.c.o  -o cmTC_a5bf8 
/usr/bin/ld: CMakeFiles/cmTC_a5bf8.dir/src.c.o: in function `main':
src.c:(.text+0x53): undefined reference to `pthread_create'
/usr/bin/ld: src.c:(.text+0x71): undefined reference to `pthread_detach'
/usr/bin/ld: src.c:(.text+0x8f): undefined reference to `pthread_cancel'
/usr/bin/ld: src.c:(.text+0xb2): undefined reference to `pthread_join'
collect2: error: ld returned 1 exit status
make[1]: *** [CMakeFiles/cmTC_a5bf8.dir/build.make:107: cmTC_a5bf8] Ошибка 1
make[1]: выход из каталога «/home/denis/OOP/lab_02/cmake-build-debug-coverage/CMakeFiles/CMakeTmp»
make: *** [Makefile:141: cmTC_a5bf8/fast] Ошибка 2


Source file was:
#include <pthread.h>

void* test_func(void* data)
{
  return data;
}

int main(void)
{
  pthread_t thread;
  pthread_create(&thread, NULL, test_func, NULL);
  pthread_detach(thread);
  pthread_cancel(thread);
  pthread_join(thread, NULL);
  pthread_atfork(NULL, NULL, NULL);
  pthread_exit(NULL);

  return 0;
}

Determining if the function pthread_create exists in the pthreads failed with the following output:
Change Dir: /home/denis/OOP/lab_02/cmake-build-debug-coverage/CMakeFiles/CMakeTmp

Run Build Command(s):/bin/make cmTC_df513/fast && /bin/make  -f CMakeFiles/cmTC_df513.dir/build.make CMakeFiles/cmTC_df513.dir/build
make[1]: вход в каталог «/home/denis/OOP/lab_02/cmake-build-debug-coverage/CMakeFiles/CMakeTmp»
Building C object CMakeFiles/cmTC_df513.dir/CheckFunctionExists.c.o
/bin/gcc   --coverage -DCHECK_FUNCTION_EXISTS=pthread_create   -o CMakeFiles/cmTC_df513.dir/CheckFunctionExists.c.o   -c /home/denis/.local/share/JetBrains/Toolbox/apps/CLion/ch-0/202.7660.37/bin/cmake/linux/share/cmake-3.17/Modules/CheckFunctionExists.c
Linking C executable cmTC_df513
/home/denis/.local/share/JetBrains/Toolbox/apps/CLion/ch-0/202.7660.37/bin/cmake/linux/bin/cmake -E cmake_link_script CMakeFiles/cmTC_df513.dir/link.txt --verbose=1
/bin/gcc --coverage -DCHECK_FUNCTION_EXISTS=pthread_create    -rdynamic CMakeFiles/cmTC_df513.dir/CheckFunctionExists.c.o  -o cmTC_df513  -lpthreads 
/usr/bin/ld: cannot find -lpthreads
collect2: error: ld returned 1 exit status
make[1]: *** [CMakeFiles/cmTC_df513.dir/build.make:107: cmTC_df513] Ошибка 1
make[1]: выход из каталога «/home/denis/OOP/lab_02/cmake-build-debug-coverage/CMakeFiles/CMakeTmp»
make: *** [Makefile:141: cmTC_df513/fast] Ошибка 2



